<?xml version="1.0" encoding="UTF-8"?>
<testng-results skipped="0" failed="0" ignored="0" total="2" passed="2">
  <reporter-output>
  </reporter-output>
  <suite name="Suite" duration-ms="8227" started-at="2022-01-07T18:00:15 IST" finished-at="2022-01-07T18:00:23 IST">
    <groups>
    </groups>
    <test name="Test" duration-ms="8227" started-at="2022-01-07T18:00:15 IST" finished-at="2022-01-07T18:00:23 IST">
      <class name="com.vtiger.tests.LoginTest">
        <test-method status="PASS" signature="Launchapp()[pri:0, instance:com.vtiger.tests.LoginTest@954b04f]" name="Launchapp" is-config="true" duration-ms="21575" started-at="2022-01-07T17:59:54 IST" finished-at="2022-01-07T18:00:15 IST">
          <reporter-output>
          </reporter-output>
        </test-method> <!-- Launchapp -->
        <test-method status="PASS" signature="InvalidLogin()[pri:0, instance:com.vtiger.tests.LoginTest@954b04f]" name="InvalidLogin" duration-ms="7819" started-at="2022-01-07T18:00:15 IST" finished-at="2022-01-07T18:00:23 IST">
          <reporter-output>
          </reporter-output>
        </test-method> <!-- InvalidLogin -->
        <test-method status="PASS" signature="VerifyLogo()[pri:0, instance:com.vtiger.tests.LoginTest@954b04f]" name="VerifyLogo" duration-ms="135" started-at="2022-01-07T18:00:23 IST" finished-at="2022-01-07T18:00:23 IST">
          <reporter-output>
          </reporter-output>
        </test-method> <!-- VerifyLogo -->
        <test-method status="PASS" signature="Closeapp()[pri:0, instance:com.vtiger.tests.LoginTest@954b04f]" name="Closeapp" is-config="true" duration-ms="996" started-at="2022-01-07T18:00:23 IST" finished-at="2022-01-07T18:00:24 IST">
          <reporter-output>
          </reporter-output>
        </test-method> <!-- Closeapp -->
      </class> <!-- com.vtiger.tests.LoginTest -->
    </test> <!-- Test -->
  </suite> <!-- Suite -->
</testng-results>
